
*** Running vivado
    with args -log gameController.vdi -applog -m64 -product Vivado -messageDb vivado.pb -mode batch -source gameController.tcl -notrace


****** Vivado v2017.3 (64-bit)
  **** SW Build 2018833 on Wed Oct  4 19:58:22 MDT 2017
  **** IP Build 2016188 on Wed Oct  4 21:52:56 MDT 2017
    ** Copyright 1986-2017 Xilinx, Inc. All Rights Reserved.

source gameController.tcl -notrace
Command: link_design -top gameController -part xc7a35tcpg236-1
Design is defaulting to srcset: sources_1
Design is defaulting to constrset: constrs_1
INFO: [Netlist 29-17] Analyzing 36 Unisim elements for replacement
INFO: [Netlist 29-28] Unisim Transformation completed in 0 CPU seconds
INFO: [Project 1-479] Netlist was created with Vivado 2017.3
INFO: [Device 21-403] Loading part xc7a35tcpg236-1
INFO: [Project 1-570] Preparing netlist for logic optimization
Parsing XDC File [C:/Users/ASTOD/Desktop/CS223/Project/lab_project/lab_project.srcs/constrs_1/new/master.xdc]
Finished Parsing XDC File [C:/Users/ASTOD/Desktop/CS223/Project/lab_project/lab_project.srcs/constrs_1/new/master.xdc]
INFO: [Opt 31-138] Pushed 0 inverter(s) to 0 load pin(s).
INFO: [Project 1-111] Unisim Transformation Summary:
No Unisim elements were transformed.

7 Infos, 0 Warnings, 0 Critical Warnings and 0 Errors encountered.
link_design completed successfully
link_design: Time (s): cpu = 00:00:05 ; elapsed = 00:00:06 . Memory (MB): peak = 517.918 ; gain = 272.180
Command: opt_design
Attempting to get a license for feature 'Implementation' and/or device 'xc7a35t'
INFO: [Common 17-349] Got license for feature 'Implementation' and/or device 'xc7a35t'
Running DRC as a precondition to command opt_design

Starting DRC Task
INFO: [DRC 23-27] Running DRC with 2 threads
INFO: [Project 1-461] DRC finished with 0 Errors
INFO: [Project 1-462] Please refer to the DRC report (report_drc) for more information.

Time (s): cpu = 00:00:01 ; elapsed = 00:00:00.653 . Memory (MB): peak = 527.563 ; gain = 9.645
INFO: [Timing 38-35] Done setting XDC timing constraints.

Starting Logic Optimization Task

Phase 1 Retarget
INFO: [Opt 31-138] Pushed 0 inverter(s) to 0 load pin(s).
INFO: [Opt 31-49] Retargeted 0 cell(s).
Phase 1 Retarget | Checksum: 114fb04f7

Time (s): cpu = 00:00:00 ; elapsed = 00:00:00.049 . Memory (MB): peak = 1027.969 ; gain = 0.000
INFO: [Opt 31-389] Phase Retarget created 6 cells and removed 6 cells

Phase 2 Constant propagation
INFO: [Opt 31-138] Pushed 0 inverter(s) to 0 load pin(s).
Phase 2 Constant propagation | Checksum: 1673b13c3

Time (s): cpu = 00:00:00 ; elapsed = 00:00:00.060 . Memory (MB): peak = 1027.969 ; gain = 0.000
INFO: [Opt 31-389] Phase Constant propagation created 1 cells and removed 6 cells

Phase 3 Sweep
Phase 3 Sweep | Checksum: 16d09eda2

Time (s): cpu = 00:00:00 ; elapsed = 00:00:00.072 . Memory (MB): peak = 1027.969 ; gain = 0.000
INFO: [Opt 31-389] Phase Sweep created 0 cells and removed 1 cells

Phase 4 BUFG optimization
Phase 4 BUFG optimization | Checksum: 16d09eda2

Time (s): cpu = 00:00:00 ; elapsed = 00:00:00.083 . Memory (MB): peak = 1027.969 ; gain = 0.000
INFO: [Opt 31-389] Phase BUFG optimization created 0 cells and removed 0 cells

Phase 5 Shift Register Optimization
Phase 5 Shift Register Optimization | Checksum: 16d09eda2

Time (s): cpu = 00:00:00 ; elapsed = 00:00:00.089 . Memory (MB): peak = 1027.969 ; gain = 0.000
INFO: [Opt 31-389] Phase Shift Register Optimization created 0 cells and removed 0 cells

Starting Connectivity Check Task

Time (s): cpu = 00:00:00 ; elapsed = 00:00:00.001 . Memory (MB): peak = 1027.969 ; gain = 0.000
Ending Logic Optimization Task | Checksum: 16d09eda2

Time (s): cpu = 00:00:00 ; elapsed = 00:00:00.095 . Memory (MB): peak = 1027.969 ; gain = 0.000

Starting Power Optimization Task
INFO: [Pwropt 34-132] Skipping clock gating for clocks with a period < 2.00 ns.
Ending Power Optimization Task | Checksum: 926342f1

Time (s): cpu = 00:00:00 ; elapsed = 00:00:00.017 . Memory (MB): peak = 1027.969 ; gain = 0.000
INFO: [Common 17-83] Releasing license: Implementation
22 Infos, 0 Warnings, 0 Critical Warnings and 0 Errors encountered.
opt_design completed successfully
opt_design: Time (s): cpu = 00:00:14 ; elapsed = 00:00:14 . Memory (MB): peak = 1027.969 ; gain = 510.051
Writing placer database...
Writing XDEF routing.
Writing XDEF routing logical nets.
Writing XDEF routing special nets.
Write XDEF Complete: Time (s): cpu = 00:00:00 ; elapsed = 00:00:00.058 . Memory (MB): peak = 1027.969 ; gain = 0.000
INFO: [Common 17-1381] The checkpoint 'C:/Users/ASTOD/Desktop/CS223/Project/lab_project/lab_project.runs/impl_1/gameController_opt.dcp' has been generated.
INFO: [runtcl-4] Executing : report_drc -file gameController_drc_opted.rpt -pb gameController_drc_opted.pb -rpx gameController_drc_opted.rpx
Command: report_drc -file gameController_drc_opted.rpt -pb gameController_drc_opted.pb -rpx gameController_drc_opted.rpx
INFO: [DRC 23-27] Running DRC with 2 threads
INFO: [Coretcl 2-168] The results of DRC are in file C:/Users/ASTOD/Desktop/CS223/Project/lab_project/lab_project.runs/impl_1/gameController_drc_opted.rpt.
report_drc completed successfully
INFO: [Chipscope 16-241] No debug cores found in the current design.
Before running the implement_debug_core command, either use the Set Up Debug wizard (GUI mode)
or use the create_debug_core and connect_debug_core Tcl commands to insert debug cores into the design.
Command: place_design
Attempting to get a license for feature 'Implementation' and/or device 'xc7a35t'
INFO: [Common 17-349] Got license for feature 'Implementation' and/or device 'xc7a35t'
INFO: [DRC 23-27] Running DRC with 2 threads
INFO: [Vivado_Tcl 4-198] DRC finished with 0 Errors
INFO: [Vivado_Tcl 4-199] Please refer to the DRC report (report_drc) for more information.
Running DRC as a precondition to command place_design
INFO: [DRC 23-27] Running DRC with 2 threads
INFO: [Vivado_Tcl 4-198] DRC finished with 0 Errors
INFO: [Vivado_Tcl 4-199] Please refer to the DRC report (report_drc) for more information.

Starting Placer Task
INFO: [Place 30-611] Multithreading enabled for place_design using a maximum of 2 CPUs

Phase 1 Placer Initialization

Phase 1.1 Placer Initialization Netlist Sorting
Netlist sorting complete. Time (s): cpu = 00:00:00 ; elapsed = 00:00:00 . Memory (MB): peak = 1027.969 ; gain = 0.000
Phase 1.1 Placer Initialization Netlist Sorting | Checksum: 44945b90

Time (s): cpu = 00:00:00 ; elapsed = 00:00:00.014 . Memory (MB): peak = 1027.969 ; gain = 0.000
INFO: [Timing 38-35] Done setting XDC timing constraints.
INFO: [Opt 31-138] Pushed 0 inverter(s) to 0 load pin(s).
Netlist sorting complete. Time (s): cpu = 00:00:00 ; elapsed = 00:00:00 . Memory (MB): peak = 1027.969 ; gain = 0.000

Phase 1.2 IO Placement/ Clock Placement/ Build Placer Device
INFO: [Timing 38-35] Done setting XDC timing constraints.
Phase 1.2 IO Placement/ Clock Placement/ Build Placer Device | Checksum: 1e1450a60

Time (s): cpu = 00:00:02 ; elapsed = 00:00:00.837 . Memory (MB): peak = 1027.969 ; gain = 0.000

Phase 1.3 Build Placer Netlist Model
Phase 1.3 Build Placer Netlist Model | Checksum: 2b7fa66c7

Time (s): cpu = 00:00:02 ; elapsed = 00:00:01 . Memory (MB): peak = 1027.969 ; gain = 0.000

Phase 1.4 Constrain Clocks/Macros
Phase 1.4 Constrain Clocks/Macros | Checksum: 2b7fa66c7

Time (s): cpu = 00:00:02 ; elapsed = 00:00:01 . Memory (MB): peak = 1027.969 ; gain = 0.000
Phase 1 Placer Initialization | Checksum: 2b7fa66c7

Time (s): cpu = 00:00:02 ; elapsed = 00:00:01 . Memory (MB): peak = 1027.969 ; gain = 0.000

Phase 2 Global Placement
Phase 2 Global Placement | Checksum: 247894f63

Time (s): cpu = 00:00:03 ; elapsed = 00:00:02 . Memory (MB): peak = 1027.969 ; gain = 0.000

Phase 3 Detail Placement

Phase 3.1 Commit Multi Column Macros
Phase 3.1 Commit Multi Column Macros | Checksum: 247894f63

Time (s): cpu = 00:00:03 ; elapsed = 00:00:02 . Memory (MB): peak = 1027.969 ; gain = 0.000

Phase 3.2 Commit Most Macros & LUTRAMs
Phase 3.2 Commit Most Macros & LUTRAMs | Checksum: 1bf979bce

Time (s): cpu = 00:00:03 ; elapsed = 00:00:02 . Memory (MB): peak = 1027.969 ; gain = 0.000

Phase 3.3 Area Swap Optimization
Phase 3.3 Area Swap Optimization | Checksum: 27db3b67c

Time (s): cpu = 00:00:03 ; elapsed = 00:00:02 . Memory (MB): peak = 1027.969 ; gain = 0.000

Phase 3.4 Pipeline Register Optimization
Phase 3.4 Pipeline Register Optimization | Checksum: 1a9c1d66a

Time (s): cpu = 00:00:03 ; elapsed = 00:00:02 . Memory (MB): peak = 1027.969 ; gain = 0.000

Phase 3.5 Small Shape Detail Placement
Phase 3.5 Small Shape Detail Placement | Checksum: 13c88c2ea

Time (s): cpu = 00:00:03 ; elapsed = 00:00:02 . Memory (MB): peak = 1027.969 ; gain = 0.000

Phase 3.6 Re-assign LUT pins
Phase 3.6 Re-assign LUT pins | Checksum: 1325b78ee

Time (s): cpu = 00:00:03 ; elapsed = 00:00:02 . Memory (MB): peak = 1027.969 ; gain = 0.000

Phase 3.7 Pipeline Register Optimization
Phase 3.7 Pipeline Register Optimization | Checksum: 1325b78ee

Time (s): cpu = 00:00:03 ; elapsed = 00:00:02 . Memory (MB): peak = 1027.969 ; gain = 0.000
Phase 3 Detail Placement | Checksum: 1325b78ee

Time (s): cpu = 00:00:03 ; elapsed = 00:00:02 . Memory (MB): peak = 1027.969 ; gain = 0.000

Phase 4 Post Placement Optimization and Clean-Up

Phase 4.1 Post Commit Optimization
INFO: [Timing 38-35] Done setting XDC timing constraints.

Phase 4.1.1 Post Placement Optimization
Post Placement Optimization Initialization | Checksum: 1be695e2f

Phase 4.1.1.1 BUFG Insertion
INFO: [Physopt 32-721] Multithreading enabled for phys_opt_design using a maximum of 2 CPUs
INFO: [Place 46-31] BUFG insertion identified 0 candidate nets, 0 success, 0 skipped for placement/routing, 0 skipped for timing, 0 skipped for netlist change reason.
Phase 4.1.1.1 BUFG Insertion | Checksum: 1be695e2f

Time (s): cpu = 00:00:03 ; elapsed = 00:00:02 . Memory (MB): peak = 1027.969 ; gain = 0.000
INFO: [Place 30-746] Post Placement Timing Summary WNS=4.678. For the most accurate timing information please run report_timing.
Phase 4.1.1 Post Placement Optimization | Checksum: 150722e1c

Time (s): cpu = 00:00:03 ; elapsed = 00:00:02 . Memory (MB): peak = 1027.969 ; gain = 0.000
Phase 4.1 Post Commit Optimization | Checksum: 150722e1c

Time (s): cpu = 00:00:03 ; elapsed = 00:00:02 . Memory (MB): peak = 1027.969 ; gain = 0.000

Phase 4.2 Post Placement Cleanup
Phase 4.2 Post Placement Cleanup | Checksum: 150722e1c

Time (s): cpu = 00:00:03 ; elapsed = 00:00:02 . Memory (MB): peak = 1027.969 ; gain = 0.000

Phase 4.3 Placer Reporting
Phase 4.3 Placer Reporting | Checksum: 150722e1c

Time (s): cpu = 00:00:03 ; elapsed = 00:00:02 . Memory (MB): peak = 1027.969 ; gain = 0.000

Phase 4.4 Final Placement Cleanup
Phase 4.4 Final Placement Cleanup | Checksum: 16244aa60

Time (s): cpu = 00:00:03 ; elapsed = 00:00:02 . Memory (MB): peak = 1027.969 ; gain = 0.000
Phase 4 Post Placement Optimization and Clean-Up | Checksum: 16244aa60

Time (s): cpu = 00:00:03 ; elapsed = 00:00:02 . Memory (MB): peak = 1027.969 ; gain = 0.000
Ending Placer Task | Checksum: d09b1ac2

Time (s): cpu = 00:00:03 ; elapsed = 00:00:02 . Memory (MB): peak = 1027.969 ; gain = 0.000
INFO: [Common 17-83] Releasing license: Implementation
43 Infos, 0 Warnings, 0 Critical Warnings and 0 Errors encountered.
place_design completed successfully
Writing placer database...
Writing XDEF routing.
Writing XDEF routing logical nets.
Writing XDEF routing special nets.
Write XDEF Complete: Time (s): cpu = 00:00:01 ; elapsed = 00:00:00.094 . Memory (MB): peak = 1027.969 ; gain = 0.000
INFO: [Common 17-1381] The checkpoint 'C:/Users/ASTOD/Desktop/CS223/Project/lab_project/lab_project.runs/impl_1/gameController_placed.dcp' has been generated.
INFO: [runtcl-4] Executing : report_io -file gameController_io_placed.rpt
report_io: Time (s): cpu = 00:00:00 ; elapsed = 00:00:00.073 . Memory (MB): peak = 1027.969 ; gain = 0.000
INFO: [runtcl-4] Executing : report_utilization -file gameController_utilization_placed.rpt -pb gameController_utilization_placed.pb
report_utilization: Time (s): cpu = 00:00:00 ; elapsed = 00:00:00.039 . Memory (MB): peak = 1027.969 ; gain = 0.000
INFO: [runtcl-4] Executing : report_control_sets -file gameController_control_sets_placed.rpt
report_control_sets: Time (s): cpu = 00:00:00 ; elapsed = 00:00:00.006 . Memory (MB): peak = 1027.969 ; gain = 0.000
Command: route_design
Attempting to get a license for feature 'Implementation' and/or device 'xc7a35t'
INFO: [Common 17-349] Got license for feature 'Implementation' and/or device 'xc7a35t'
Running DRC as a precondition to command route_design
INFO: [DRC 23-27] Running DRC with 2 threads
INFO: [Vivado_Tcl 4-198] DRC finished with 0 Errors
INFO: [Vivado_Tcl 4-199] Please refer to the DRC report (report_drc) for more information.


Starting Routing Task
INFO: [Route 35-254] Multithreading enabled for route_design using a maximum of 2 CPUs
Checksum: PlaceDB: 3fa34b6b ConstDB: 0 ShapeSum: 90f7cf57 RouteDB: 0

Phase 1 Build RT Design
Phase 1 Build RT Design | Checksum: 10d9da02d

Time (s): cpu = 00:00:22 ; elapsed = 00:00:19 . Memory (MB): peak = 1146.035 ; gain = 118.066
Post Restoration Checksum: NetGraph: 155558e8 NumContArr: f8484745 Constraints: 0 Timing: 0

Phase 2 Router Initialization

Phase 2.1 Create Timer
Phase 2.1 Create Timer | Checksum: 10d9da02d

Time (s): cpu = 00:00:22 ; elapsed = 00:00:19 . Memory (MB): peak = 1146.035 ; gain = 118.066

Phase 2.2 Fix Topology Constraints
Phase 2.2 Fix Topology Constraints | Checksum: 10d9da02d

Time (s): cpu = 00:00:22 ; elapsed = 00:00:19 . Memory (MB): peak = 1146.035 ; gain = 118.066

Phase 2.3 Pre Route Cleanup
Phase 2.3 Pre Route Cleanup | Checksum: 10d9da02d

Time (s): cpu = 00:00:22 ; elapsed = 00:00:19 . Memory (MB): peak = 1146.035 ; gain = 118.066
 Number of Nodes with overlaps = 0

Phase 2.4 Update Timing
Phase 2.4 Update Timing | Checksum: 1ccc43b7d

Time (s): cpu = 00:00:22 ; elapsed = 00:00:19 . Memory (MB): peak = 1146.035 ; gain = 118.066
INFO: [Route 35-416] Intermediate Timing Summary | WNS=4.651  | TNS=0.000  | WHS=-0.140 | THS=-2.461 |

Phase 2 Router Initialization | Checksum: 1e3469541

Time (s): cpu = 00:00:22 ; elapsed = 00:00:19 . Memory (MB): peak = 1146.035 ; gain = 118.066

Phase 3 Initial Routing
Phase 3 Initial Routing | Checksum: 1779607c7

Time (s): cpu = 00:00:22 ; elapsed = 00:00:20 . Memory (MB): peak = 1146.035 ; gain = 118.066

Phase 4 Rip-up And Reroute

Phase 4.1 Global Iteration 0
 Number of Nodes with overlaps = 7
 Number of Nodes with overlaps = 0
INFO: [Route 35-416] Intermediate Timing Summary | WNS=4.611  | TNS=0.000  | WHS=N/A    | THS=N/A    |

Phase 4.1 Global Iteration 0 | Checksum: 1c5f3a793

Time (s): cpu = 00:00:22 ; elapsed = 00:00:20 . Memory (MB): peak = 1146.035 ; gain = 118.066
Phase 4 Rip-up And Reroute | Checksum: 1c5f3a793

Time (s): cpu = 00:00:22 ; elapsed = 00:00:20 . Memory (MB): peak = 1146.035 ; gain = 118.066

Phase 5 Delay and Skew Optimization

Phase 5.1 Delay CleanUp

Phase 5.1.1 Update Timing
Phase 5.1.1 Update Timing | Checksum: 1618fab57

Time (s): cpu = 00:00:22 ; elapsed = 00:00:20 . Memory (MB): peak = 1146.035 ; gain = 118.066
INFO: [Route 35-416] Intermediate Timing Summary | WNS=4.703  | TNS=0.000  | WHS=N/A    | THS=N/A    |

Phase 5.1 Delay CleanUp | Checksum: 1618fab57

Time (s): cpu = 00:00:23 ; elapsed = 00:00:20 . Memory (MB): peak = 1146.035 ; gain = 118.066

Phase 5.2 Clock Skew Optimization
Phase 5.2 Clock Skew Optimization | Checksum: 1618fab57

Time (s): cpu = 00:00:23 ; elapsed = 00:00:20 . Memory (MB): peak = 1146.035 ; gain = 118.066
Phase 5 Delay and Skew Optimization | Checksum: 1618fab57

Time (s): cpu = 00:00:23 ; elapsed = 00:00:20 . Memory (MB): peak = 1146.035 ; gain = 118.066

Phase 6 Post Hold Fix

Phase 6.1 Hold Fix Iter

Phase 6.1.1 Update Timing
Phase 6.1.1 Update Timing | Checksum: 18bba1fe2

Time (s): cpu = 00:00:23 ; elapsed = 00:00:20 . Memory (MB): peak = 1146.035 ; gain = 118.066
INFO: [Route 35-416] Intermediate Timing Summary | WNS=4.703  | TNS=0.000  | WHS=0.152  | THS=0.000  |

Phase 6.1 Hold Fix Iter | Checksum: 194b9cd49

Time (s): cpu = 00:00:23 ; elapsed = 00:00:20 . Memory (MB): peak = 1146.035 ; gain = 118.066
Phase 6 Post Hold Fix | Checksum: 194b9cd49

Time (s): cpu = 00:00:23 ; elapsed = 00:00:20 . Memory (MB): peak = 1146.035 ; gain = 118.066

Phase 7 Route finalize

Router Utilization Summary
  Global Vertical Routing Utilization    = 0.124133 %
  Global Horizontal Routing Utilization  = 0.090708 %
  Routable Net Status*
  *Does not include unroutable nets such as driverless and loadless.
  Run report_route_status for detailed report.
  Number of Failed Nets               = 0
  Number of Unrouted Nets             = 0
  Number of Partially Routed Nets     = 0
  Number of Node Overlaps             = 0

Phase 7 Route finalize | Checksum: 19d288b83

Time (s): cpu = 00:00:23 ; elapsed = 00:00:20 . Memory (MB): peak = 1146.035 ; gain = 118.066

Phase 8 Verifying routed nets

 Verification completed successfully
Phase 8 Verifying routed nets | Checksum: 19d288b83

Time (s): cpu = 00:00:23 ; elapsed = 00:00:20 . Memory (MB): peak = 1146.035 ; gain = 118.066

Phase 9 Depositing Routes
Phase 9 Depositing Routes | Checksum: 16a9fc87d

Time (s): cpu = 00:00:23 ; elapsed = 00:00:20 . Memory (MB): peak = 1146.035 ; gain = 118.066

Phase 10 Post Router Timing
INFO: [Route 35-57] Estimated Timing Summary | WNS=4.703  | TNS=0.000  | WHS=0.152  | THS=0.000  |

INFO: [Route 35-327] The final timing numbers are based on the router estimated timing analysis. For a complete and accurate timing signoff, please run report_timing_summary.
Phase 10 Post Router Timing | Checksum: 16a9fc87d

Time (s): cpu = 00:00:23 ; elapsed = 00:00:20 . Memory (MB): peak = 1146.035 ; gain = 118.066
INFO: [Route 35-16] Router Completed Successfully

Time (s): cpu = 00:00:23 ; elapsed = 00:00:20 . Memory (MB): peak = 1146.035 ; gain = 118.066

Routing Is Done.
INFO: [Common 17-83] Releasing license: Implementation
60 Infos, 0 Warnings, 0 Critical Warnings and 0 Errors encountered.
route_design completed successfully
route_design: Time (s): cpu = 00:00:24 ; elapsed = 00:00:21 . Memory (MB): peak = 1146.035 ; gain = 118.066
Writing placer database...
Writing XDEF routing.
Writing XDEF routing logical nets.
Writing XDEF routing special nets.
Write XDEF Complete: Time (s): cpu = 00:00:00 ; elapsed = 00:00:00.106 . Memory (MB): peak = 1146.035 ; gain = 0.000
INFO: [Common 17-1381] The checkpoint 'C:/Users/ASTOD/Desktop/CS223/Project/lab_project/lab_project.runs/impl_1/gameController_routed.dcp' has been generated.
INFO: [runtcl-4] Executing : report_drc -file gameController_drc_routed.rpt -pb gameController_drc_routed.pb -rpx gameController_drc_routed.rpx
Command: report_drc -file gameController_drc_routed.rpt -pb gameController_drc_routed.pb -rpx gameController_drc_routed.rpx
INFO: [DRC 23-27] Running DRC with 2 threads
INFO: [Coretcl 2-168] The results of DRC are in file C:/Users/ASTOD/Desktop/CS223/Project/lab_project/lab_project.runs/impl_1/gameController_drc_routed.rpt.
report_drc completed successfully
INFO: [runtcl-4] Executing : report_methodology -file gameController_methodology_drc_routed.rpt -pb gameController_methodology_drc_routed.pb -rpx gameController_methodology_drc_routed.rpx
Command: report_methodology -file gameController_methodology_drc_routed.rpt -pb gameController_methodology_drc_routed.pb -rpx gameController_methodology_drc_routed.rpx
INFO: [Timing 38-35] Done setting XDC timing constraints.
INFO: [Timing 38-35] Done setting XDC timing constraints.
INFO: [DRC 23-133] Running Methodology with 2 threads
INFO: [Coretcl 2-1520] The results of Report Methodology are in file C:/Users/ASTOD/Desktop/CS223/Project/lab_project/lab_project.runs/impl_1/gameController_methodology_drc_routed.rpt.
report_methodology completed successfully
INFO: [runtcl-4] Executing : report_power -file gameController_power_routed.rpt -pb gameController_power_summary_routed.pb -rpx gameController_power_routed.rpx
Command: report_power -file gameController_power_routed.rpt -pb gameController_power_summary_routed.pb -rpx gameController_power_routed.rpx
INFO: [Timing 38-35] Done setting XDC timing constraints.
Running Vector-less Activity Propagation...

Finished Running Vector-less Activity Propagation
71 Infos, 0 Warnings, 0 Critical Warnings and 0 Errors encountered.
report_power completed successfully
INFO: [runtcl-4] Executing : report_route_status -file gameController_route_status.rpt -pb gameController_route_status.pb
INFO: [runtcl-4] Executing : report_timing_summary -file gameController_timing_summary_routed.rpt -warn_on_violation  -rpx gameController_timing_summary_routed.rpx
INFO: [Timing 38-91] UpdateTimingParams: Speed grade: -1, Delay Type: min_max.
INFO: [Timing 38-191] Multithreading enabled for timing update using a maximum of 2 CPUs
INFO: [runtcl-4] Executing : report_incremental_reuse -file gameController_incremental_reuse_routed.rpt
INFO: [Vivado_Tcl 4-545] No incremental reuse to report, no incremental placement and routing data was found.
INFO: [runtcl-4] Executing : report_clock_utilization -file gameController_clock_utilization_routed.rpt
INFO: [Common 17-206] Exiting Vivado at Sun Dec 17 16:38:50 2017...

*** Running vivado
    with args -log gameController.vdi -applog -m64 -product Vivado -messageDb vivado.pb -mode batch -source gameController.tcl -notrace


****** Vivado v2017.3 (64-bit)
  **** SW Build 2018833 on Wed Oct  4 19:58:22 MDT 2017
  **** IP Build 2016188 on Wed Oct  4 21:52:56 MDT 2017
    ** Copyright 1986-2017 Xilinx, Inc. All Rights Reserved.

source gameController.tcl -notrace
Command: open_checkpoint gameController_routed.dcp

Starting open_checkpoint Task

Time (s): cpu = 00:00:00 ; elapsed = 00:00:00.028 . Memory (MB): peak = 236.750 ; gain = 0.000
INFO: [Netlist 29-17] Analyzing 36 Unisim elements for replacement
INFO: [Netlist 29-28] Unisim Transformation completed in 0 CPU seconds
INFO: [Project 1-479] Netlist was created with Vivado 2017.3
INFO: [Device 21-403] Loading part xc7a35tcpg236-1
INFO: [Project 1-570] Preparing netlist for logic optimization
Parsing XDC File [C:/Users/ASTOD/Desktop/CS223/Project/lab_project/lab_project.runs/impl_1/.Xil/Vivado-9704-LAPTOP-24A2GTJ3/dcp3/gameController.xdc]
Finished Parsing XDC File [C:/Users/ASTOD/Desktop/CS223/Project/lab_project/lab_project.runs/impl_1/.Xil/Vivado-9704-LAPTOP-24A2GTJ3/dcp3/gameController.xdc]
Reading XDEF placement.
Reading placer database...
Reading XDEF routing.
Read XDEF File: Time (s): cpu = 00:00:00 ; elapsed = 00:00:00.077 . Memory (MB): peak = 512.422 ; gain = 0.000
Restored from archive | CPU: 0.000000 secs | Memory: 0.000000 MB |
Finished XDEF File Restore: Time (s): cpu = 00:00:00 ; elapsed = 00:00:00.077 . Memory (MB): peak = 512.422 ; gain = 0.000
INFO: [Project 1-111] Unisim Transformation Summary:
No Unisim elements were transformed.

INFO: [Project 1-604] Checkpoint was created with Vivado v2017.3 (64-bit) build 2018833
open_checkpoint: Time (s): cpu = 00:00:06 ; elapsed = 00:00:06 . Memory (MB): peak = 516.492 ; gain = 279.742
Command: write_bitstream -force gameController.bit
Attempting to get a license for feature 'Implementation' and/or device 'xc7a35t'
INFO: [Common 17-349] Got license for feature 'Implementation' and/or device 'xc7a35t'
Running DRC as a precondition to command write_bitstream
INFO: [DRC 23-27] Running DRC with 2 threads
WARNING: [DRC CFGBVS-1] Missing CFGBVS and CONFIG_VOLTAGE Design Properties: Neither the CFGBVS nor CONFIG_VOLTAGE voltage property is set in the current_design.  Configuration bank voltage select (CFGBVS) must be set to VCCO or GND, and CONFIG_VOLTAGE must be set to the correct configuration voltage, in order to determine the I/O voltage support for the pins in bank 0.  It is suggested to specify these either using the 'Edit Device Properties' function in the GUI or directly in the XDC file using the following syntax:

 set_property CFGBVS value1 [current_design]
 #where value1 is either VCCO or GND

 set_property CONFIG_VOLTAGE value2 [current_design]
 #where value2 is the voltage provided to configuration bank 0

Refer to the device configuration user guide for more information.
INFO: [Vivado 12-3199] DRC finished with 0 Errors, 1 Warnings
INFO: [Vivado 12-3200] Please refer to the DRC report (report_drc) for more information.
INFO: [Project 1-821] Please set project.enableDesignId to be 'true'.
INFO: [Designutils 20-2272] Running write_bitstream with 2 threads.
Loading data files...
Loading site data...
Loading route data...
Processing options...
Creating bitmap...
Creating bitstream...
Writing bitstream ./gameController.bit...
INFO: [Vivado 12-1842] Bitgen Completed Successfully.
INFO: [Project 1-120] WebTalk data collection is mandatory when using a WebPACK part without a full Vivado license. To see the specific WebTalk data collected for your design, open the usage_statistics_webtalk.html or usage_statistics_webtalk.xml file in the implementation directory.
INFO: [Common 17-186] 'C:/Users/ASTOD/Desktop/CS223/Project/lab_project/lab_project.runs/impl_1/usage_statistics_webtalk.xml' has been successfully sent to Xilinx on Sun Dec 17 16:58:22 2017. For additional details about this file, please refer to the WebTalk help file at C:/Xilinx/Vivado/2017.3/doc/webtalk_introduction.html.
INFO: [Common 17-83] Releasing license: Implementation
17 Infos, 1 Warnings, 0 Critical Warnings and 0 Errors encountered.
write_bitstream completed successfully
write_bitstream: Time (s): cpu = 00:00:14 ; elapsed = 00:00:15 . Memory (MB): peak = 881.938 ; gain = 365.445
INFO: [Common 17-206] Exiting Vivado at Sun Dec 17 16:58:22 2017...

*** Running vivado
    with args -log gameController.vdi -applog -m64 -product Vivado -messageDb vivado.pb -mode batch -source gameController.tcl -notrace


****** Vivado v2017.3 (64-bit)
  **** SW Build 2018833 on Wed Oct  4 19:58:22 MDT 2017
  **** IP Build 2016188 on Wed Oct  4 21:52:56 MDT 2017
    ** Copyright 1986-2017 Xilinx, Inc. All Rights Reserved.

source gameController.tcl -notrace
Command: open_checkpoint gameController_routed.dcp

Starting open_checkpoint Task

Time (s): cpu = 00:00:01 ; elapsed = 00:00:00.028 . Memory (MB): peak = 237.543 ; gain = 0.000
INFO: [Netlist 29-17] Analyzing 36 Unisim elements for replacement
INFO: [Netlist 29-28] Unisim Transformation completed in 0 CPU seconds
INFO: [Project 1-479] Netlist was created with Vivado 2017.3
INFO: [Device 21-403] Loading part xc7a35tcpg236-1
INFO: [Project 1-570] Preparing netlist for logic optimization
Parsing XDC File [C:/Users/ASTOD/Desktop/CS223/Project/lab_project/lab_project.runs/impl_1/.Xil/Vivado-14736-LAPTOP-24A2GTJ3/dcp3/gameController.xdc]
Finished Parsing XDC File [C:/Users/ASTOD/Desktop/CS223/Project/lab_project/lab_project.runs/impl_1/.Xil/Vivado-14736-LAPTOP-24A2GTJ3/dcp3/gameController.xdc]
Reading XDEF placement.
Reading placer database...
Reading XDEF routing.
Read XDEF File: Time (s): cpu = 00:00:00 ; elapsed = 00:00:00.073 . Memory (MB): peak = 512.629 ; gain = 0.000
Restored from archive | CPU: 0.000000 secs | Memory: 0.000000 MB |
Finished XDEF File Restore: Time (s): cpu = 00:00:00 ; elapsed = 00:00:00.073 . Memory (MB): peak = 512.629 ; gain = 0.000
INFO: [Project 1-111] Unisim Transformation Summary:
No Unisim elements were transformed.

INFO: [Project 1-604] Checkpoint was created with Vivado v2017.3 (64-bit) build 2018833
open_checkpoint: Time (s): cpu = 00:00:06 ; elapsed = 00:00:07 . Memory (MB): peak = 516.699 ; gain = 279.156
Command: write_bitstream -force gameController.bit
Attempting to get a license for feature 'Implementation' and/or device 'xc7a35t'
INFO: [Common 17-349] Got license for feature 'Implementation' and/or device 'xc7a35t'
Running DRC as a precondition to command write_bitstream
INFO: [DRC 23-27] Running DRC with 2 threads
WARNING: [DRC CFGBVS-1] Missing CFGBVS and CONFIG_VOLTAGE Design Properties: Neither the CFGBVS nor CONFIG_VOLTAGE voltage property is set in the current_design.  Configuration bank voltage select (CFGBVS) must be set to VCCO or GND, and CONFIG_VOLTAGE must be set to the correct configuration voltage, in order to determine the I/O voltage support for the pins in bank 0.  It is suggested to specify these either using the 'Edit Device Properties' function in the GUI or directly in the XDC file using the following syntax:

 set_property CFGBVS value1 [current_design]
 #where value1 is either VCCO or GND

 set_property CONFIG_VOLTAGE value2 [current_design]
 #where value2 is the voltage provided to configuration bank 0

Refer to the device configuration user guide for more information.
INFO: [Vivado 12-3199] DRC finished with 0 Errors, 1 Warnings
INFO: [Vivado 12-3200] Please refer to the DRC report (report_drc) for more information.
INFO: [Project 1-821] Please set project.enableDesignId to be 'true'.
INFO: [Designutils 20-2272] Running write_bitstream with 2 threads.
Loading data files...
Loading site data...
Loading route data...
Processing options...
Creating bitmap...
Creating bitstream...
Writing bitstream ./gameController.bit...
INFO: [Vivado 12-1842] Bitgen Completed Successfully.
INFO: [Project 1-120] WebTalk data collection is mandatory when using a WebPACK part without a full Vivado license. To see the specific WebTalk data collected for your design, open the usage_statistics_webtalk.html or usage_statistics_webtalk.xml file in the implementation directory.
INFO: [Common 17-186] 'C:/Users/ASTOD/Desktop/CS223/Project/lab_project/lab_project.runs/impl_1/usage_statistics_webtalk.xml' has been successfully sent to Xilinx on Mon Dec 18 09:47:50 2017. For additional details about this file, please refer to the WebTalk help file at C:/Xilinx/Vivado/2017.3/doc/webtalk_introduction.html.
INFO: [Common 17-83] Releasing license: Implementation
17 Infos, 1 Warnings, 0 Critical Warnings and 0 Errors encountered.
write_bitstream completed successfully
write_bitstream: Time (s): cpu = 00:00:14 ; elapsed = 00:00:16 . Memory (MB): peak = 881.137 ; gain = 364.438
INFO: [Common 17-206] Exiting Vivado at Mon Dec 18 09:47:50 2017...
